d:\myproject\mypresentation\makefile\analyze\debug\vc120.pdb
d:\myproject\mypresentation\makefile\analyze\debug\login.obj
d:\myproject\mypresentation\makefile\analyze\debug\imos.obj
d:\myproject\mypresentation\makefile\analyze\debug\graphlistwidget.obj
d:\myproject\mypresentation\makefile\analyze\debug\graphdata.obj
d:\myproject\mypresentation\makefile\analyze\debug\global.obj
d:\myproject\mypresentation\makefile\analyze\debug\moc_warningwidget.obj
d:\myproject\mypresentation\makefile\analyze\debug\moc_videoplay.obj
d:\myproject\mypresentation\makefile\analyze\debug\moc_selectdatedialog.obj
d:\myproject\mypresentation\makefile\analyze\debug\moc_qcustomplot.obj
d:\myproject\mypresentation\makefile\analyze\debug\moc_mycustomplot.obj
d:\myproject\mypresentation\makefile\analyze\debug\moc_missionlistwidget.obj
d:\myproject\mypresentation\makefile\analyze\debug\moc_missionitem.obj
d:\myproject\mypresentation\makefile\analyze\debug\moc_login.obj
d:\myproject\mypresentation\makefile\analyze\debug\moc_graphlistwidget.obj
d:\myproject\mypresentation\makefile\analyze\debug\moc_datalistwidget.obj
d:\myproject\mypresentation\makefile\analyze\debug\moc_cameralistwidget.obj
d:\myproject\mypresentation\makefile\analyze\debug\moc_analyze.obj
d:\myproject\mypresentation\makefile\analyze\debug\datalistwidget.obj
d:\myproject\mypresentation\makefile\analyze\debug\cameralistwidget.obj
d:\myproject\mypresentation\makefile\analyze\debug\analyze.obj
d:\myproject\mypresentation\makefile\analyze\debug\warningwidget.obj
d:\myproject\mypresentation\makefile\analyze\debug\videoplay.obj
d:\myproject\mypresentation\makefile\analyze\debug\storevideo.obj
d:\myproject\mypresentation\makefile\analyze\debug\selectdatedialog.obj
d:\myproject\mypresentation\makefile\analyze\debug\qcustomplot.obj
d:\myproject\mypresentation\makefile\analyze\debug\mycustomplot.obj
d:\myproject\mypresentation\makefile\analyze\debug\missionlistwidget.obj
d:\myproject\mypresentation\makefile\analyze\debug\missionitem.obj
d:\myproject\mypresentation\makefile\analyze\debug\main.obj
d:\myproject\mypresentation\makefile\analyze\debug\qrc_analyze.obj
d:\myproject\mypresentation\makefile\analyze\generatedfiles\moc_analyze.cpp
d:\myproject\mypresentation\makefile\analyze\generatedfiles\ui_analyze.h
d:\myproject\mypresentation\makefile\analyze\generatedfiles\moc_warningwidget.cpp
d:\myproject\mypresentation\makefile\analyze\generatedfiles\moc_videoplay.cpp
d:\myproject\mypresentation\makefile\analyze\generatedfiles\moc_selectdatedialog.cpp
d:\myproject\mypresentation\makefile\analyze\generatedfiles\moc_qcustomplot.cpp
d:\myproject\mypresentation\makefile\analyze\generatedfiles\moc_mycustomplot.cpp
d:\myproject\mypresentation\makefile\analyze\generatedfiles\moc_missionlistwidget.cpp
d:\myproject\mypresentation\makefile\analyze\generatedfiles\moc_missionitem.cpp
d:\myproject\mypresentation\makefile\analyze\generatedfiles\moc_login.cpp
d:\myproject\mypresentation\makefile\analyze\generatedfiles\moc_graphlistwidget.cpp
d:\myproject\mypresentation\makefile\analyze\generatedfiles\moc_datalistwidget.cpp
d:\myproject\mypresentation\makefile\analyze\generatedfiles\moc_cameralistwidget.cpp
d:\myproject\mypresentation\makefile\analyze\generatedfiles\qrc_analyze.cpp
d:\myproject\mypresentation\makefile\analyze\generatedfiles\ui_graphlistwidget.h
d:\myproject\mypresentation\makefile\analyze\generatedfiles\ui_login.h
d:\myproject\mypresentation\makefile\analyze\generatedfiles\ui_missionitem.h
d:\myproject\mypresentation\makefile\analyze\generatedfiles\ui_missionlistwidget.h
d:\myproject\mypresentation\makefile\analyze\generatedfiles\ui_selectdatedialog.h
d:\myproject\mypresentation\makefile\analyze\generatedfiles\ui_videoplay.h
d:\myproject\mypresentation\makefile\analyze\generatedfiles\ui_warningwidget.h
d:\myproject\mypresentation\makefile\analyze\debug\analyze.ilk
d:\myproject\mypresentation\makefile\analyze\debug\analyze.exe
d:\myproject\mypresentation\makefile\analyze\debug\analyze.pdb
d:\myproject\mypresentation\makefile\analyze\debug\analyze.tlog\cl.command.1.tlog
d:\myproject\mypresentation\makefile\analyze\debug\analyze.tlog\cl.read.1.tlog
d:\myproject\mypresentation\makefile\analyze\debug\analyze.tlog\cl.write.1.tlog
d:\myproject\mypresentation\makefile\analyze\debug\analyze.tlog\custombuild.command.1.tlog
d:\myproject\mypresentation\makefile\analyze\debug\analyze.tlog\custombuild.read.1.tlog
d:\myproject\mypresentation\makefile\analyze\debug\analyze.tlog\custombuild.write.1.tlog
d:\myproject\mypresentation\makefile\analyze\debug\analyze.tlog\link.command.1.tlog
d:\myproject\mypresentation\makefile\analyze\debug\analyze.tlog\link.read.1.tlog
d:\myproject\mypresentation\makefile\analyze\debug\analyze.tlog\link.write.1.tlog
