生成启动时间为 2018/12/4 15:28:14。
     1>项目“D:\myProject\myPresentation\makefile\analyze\analyze.vcxproj”在节点 2 上(Rebuild 个目标)。
     1>C:\Program Files (x86)\MSBuild\Microsoft.Cpp\v4.0\V120\Microsoft.CppBuild.targets(357,5): warning MSB8004: Output Directory does not end with a trailing slash.  This build instance will add the slash as it is required to allow proper evaluation of the Output Directory.
     1>CustomBuild:
         Moc'ing analyze.h...
         Uic'ing analyze.ui...
         Moc'ing warningwidget.h...
         Moc'ing videoplay.h...
         Moc'ing selectdatedialog.h...
         Moc'ing qcustomplot.h...
         Moc'ing mycustomplot.h...
         Moc'ing missionlistwidget.h...
         Moc'ing missionitem.h...
         Moc'ing login.h...
         Moc'ing graphlistwidget.h...
         Moc'ing datalistwidget.h...
         Moc'ing cameralistwidget.h...
         Rcc'ing analyze.qrc...
         Uic'ing graphlistwidget.ui...
         Uic'ing login.ui...
         Uic'ing missionitem.ui...
         Uic'ing missionlistwidget.ui...
         Uic'ing selectdatedialog.ui...
         Uic'ing videoplay.ui...
         Uic'ing warningwidget.ui...
       ClCompile:
         C:\myInstall\vs2013\VC\bin\CL.exe /c /I.\GeneratedFiles /I. /IC:\myInstall\qt5832_msvc2013\5.8\msvc2013\include /IC:\myInstall\qt5832_msvc2013\5.8\msvc2013\include\QtCore /IC:\myInstall\qt5832_msvc2013\5.8\msvc2013\include\QtGui /IC:\myInstall\qt5832_msvc2013\5.8\msvc2013\include\QtPrintSupport /IC:\myInstall\qt5832_msvc2013\5.8\msvc2013\include\QtWidgets /nologo /W1 /WX- /O2 /Oy- /D UNICODE /D WIN32 /D WIN64 /D QT_DLL /D QT_NO_DEBUG /D NDEBUG /D QT_CORE_LIB /D QT_GUI_LIB /D QT_PRINTSUPPORT_LIB /D QT_WIDGETS_LIB /Gm- /EHsc /MD /GS /fp:precise /Zc:wchar_t /Zc:forScope /Fo"Release\\" /Fd"Release\vc120.pdb" /Gd /TP /wd4819 /analyze- /errorReport:prompt analyze.cpp cameralistwidget.cpp datalistwidget.cpp GeneratedFiles\moc_analyze.cpp GeneratedFiles\moc_cameralistwidget.cpp GeneratedFiles\moc_datalistwidget.cpp GeneratedFiles\moc_graphlistwidget.cpp GeneratedFiles\moc_login.cpp GeneratedFiles\moc_missionitem.cpp GeneratedFiles\moc_missionlistwidget.cpp GeneratedFiles\moc_mycustomplot.cpp GeneratedFiles\moc_qcustomplot.cpp GeneratedFiles\moc_selectdatedialog.cpp GeneratedFiles\moc_videoplay.cpp GeneratedFiles\moc_warningwidget.cpp global.cpp graphdata.cpp graphlistwidget.cpp IMOS.cpp login.cpp main.cpp missionitem.cpp missionlistwidget.cpp mycustomplot.cpp qcustomplot.cpp selectdatedialog.cpp storeVideo.cpp videoplay.cpp warningwidget.cpp
         analyze.cpp
         cameralistwidget.cpp
         datalistwidget.cpp
         moc_analyze.cpp
         moc_cameralistwidget.cpp
         moc_datalistwidget.cpp
         moc_graphlistwidget.cpp
         moc_login.cpp
         moc_missionitem.cpp
         moc_missionlistwidget.cpp
         moc_mycustomplot.cpp
         moc_qcustomplot.cpp
         moc_selectdatedialog.cpp
         moc_videoplay.cpp
         moc_warningwidget.cpp
         global.cpp
         graphdata.cpp
         graphlistwidget.cpp
         IMOS.cpp
         login.cpp
         正在生成代码...
         正在编译...
         main.cpp
         missionitem.cpp
         missionlistwidget.cpp
         mycustomplot.cpp
         qcustomplot.cpp
         selectdatedialog.cpp
         storeVideo.cpp
         videoplay.cpp
         warningwidget.cpp
         正在生成代码...
         C:\myInstall\vs2013\VC\bin\CL.exe /c /I.\GeneratedFiles /I. /IC:\myInstall\qt5832_msvc2013\5.8\msvc2013\include /IC:\myInstall\qt5832_msvc2013\5.8\msvc2013\include\QtCore /IC:\myInstall\qt5832_msvc2013\5.8\msvc2013\include\QtGui /IC:\myInstall\qt5832_msvc2013\5.8\msvc2013\include\QtPrintSupport /IC:\myInstall\qt5832_msvc2013\5.8\msvc2013\include\QtWidgets /nologo /W1 /WX- /O2 /Oy- /D UNICODE /D WIN32 /D WIN64 /D QT_DLL /D QT_NO_DEBUG /D NDEBUG /D QT_CORE_LIB /D QT_GUI_LIB /D QT_PRINTSUPPORT_LIB /D QT_WIDGETS_LIB /Gm- /EHsc /MD /GS /fp:precise /Zc:wchar_t /Zc:forScope /Fo"Release\\" /Fd"Release\vc120.pdb" /Gd /TP /wd4819 /analyze- /errorReport:prompt GeneratedFiles\qrc_analyze.cpp
         qrc_analyze.cpp
       Link:
         C:\myInstall\vs2013\VC\bin\link.exe /ERRORREPORT:PROMPT /OUT:"..\..\..\..\myInstall\IMOS_NetSDK_Win_V2.02(20170103)\imos_sdk_win\redist\\analyze.exe" /NOLOGO /LIBPATH:C:\myInstall\qt5832_msvc2013\5.8\msvc2013\lib qtmain.lib Qt5Core.lib Qt5Gui.lib Qt5PrintSupport.lib Qt5Widgets.lib opencv_world320.lib imos_sdk.lib xp_frame.lib sps_sdk.lib kernel32.lib user32.lib gdi32.lib winspool.lib comdlg32.lib advapi32.lib shell32.lib ole32.lib oleaut32.lib uuid.lib odbc32.lib odbccp32.lib /MANIFEST /MANIFESTUAC:"level='asInvoker' uiAccess='false'" /manifest:embed /PDB:"..\..\..\..\myInstall\IMOS_NetSDK_Win_V2.02(20170103)\imos_sdk_win\redist\analyze.pdb" /SUBSYSTEM:WINDOWS /TLBID:1 /DYNAMICBASE /NXCOMPAT /IMPLIB:"..\..\..\..\myInstall\IMOS_NetSDK_Win_V2.02(20170103)\imos_sdk_win\redist\analyze.lib" /MACHINE:X86 /SAFESEH Release\analyze.obj
         Release\cameralistwidget.obj
         Release\datalistwidget.obj
         Release\moc_analyze.obj
         Release\moc_cameralistwidget.obj
         Release\moc_datalistwidget.obj
         Release\moc_graphlistwidget.obj
         Release\moc_login.obj
         Release\moc_missionitem.obj
         Release\moc_missionlistwidget.obj
         Release\moc_mycustomplot.obj
         Release\moc_qcustomplot.obj
         Release\moc_selectdatedialog.obj
         Release\moc_videoplay.obj
         Release\moc_warningwidget.obj
         Release\qrc_analyze.obj
         Release\global.obj
         Release\graphdata.obj
         Release\graphlistwidget.obj
         Release\IMOS.obj
         Release\login.obj
         Release\main.obj
         Release\missionitem.obj
         Release\missionlistwidget.obj
         Release\mycustomplot.obj
         Release\qcustomplot.obj
         Release\selectdatedialog.obj
         Release\storeVideo.obj
         Release\videoplay.obj
         Release\warningwidget.obj
         analyze.vcxproj -> D:\myProject\myPresentation\makefile\analyze\..\..\..\..\myInstall\IMOS_NetSDK_Win_V2.02(20170103)\imos_sdk_win\redist\analyze.exe
     1>已完成生成项目“D:\myProject\myPresentation\makefile\analyze\analyze.vcxproj”(Rebuild 个目标)的操作。

生成成功。

已用时间 00:00:43.20
