d:\myproject\mypresentation\makefile\analyze\release\login.obj
d:\myproject\mypresentation\makefile\analyze\release\imos.obj
d:\myproject\mypresentation\makefile\analyze\release\graphlistwidget.obj
d:\myproject\mypresentation\makefile\analyze\release\graphdata.obj
d:\myproject\mypresentation\makefile\analyze\release\global.obj
d:\myproject\mypresentation\makefile\analyze\release\moc_warningwidget.obj
d:\myproject\mypresentation\makefile\analyze\release\moc_videoplay.obj
d:\myproject\mypresentation\makefile\analyze\release\moc_selectdatedialog.obj
d:\myproject\mypresentation\makefile\analyze\release\moc_qcustomplot.obj
d:\myproject\mypresentation\makefile\analyze\release\moc_mycustomplot.obj
d:\myproject\mypresentation\makefile\analyze\release\moc_missionlistwidget.obj
d:\myproject\mypresentation\makefile\analyze\release\moc_missionitem.obj
d:\myproject\mypresentation\makefile\analyze\release\moc_login.obj
d:\myproject\mypresentation\makefile\analyze\release\moc_graphlistwidget.obj
d:\myproject\mypresentation\makefile\analyze\release\moc_datalistwidget.obj
d:\myproject\mypresentation\makefile\analyze\release\moc_cameralistwidget.obj
d:\myproject\mypresentation\makefile\analyze\release\moc_analyze.obj
d:\myproject\mypresentation\makefile\analyze\release\datalistwidget.obj
d:\myproject\mypresentation\makefile\analyze\release\cameralistwidget.obj
d:\myproject\mypresentation\makefile\analyze\release\analyze.obj
d:\myproject\mypresentation\makefile\analyze\release\warningwidget.obj
d:\myproject\mypresentation\makefile\analyze\release\videoplay.obj
d:\myproject\mypresentation\makefile\analyze\release\storevideo.obj
d:\myproject\mypresentation\makefile\analyze\release\selectdatedialog.obj
d:\myproject\mypresentation\makefile\analyze\release\qcustomplot.obj
d:\myproject\mypresentation\makefile\analyze\release\mycustomplot.obj
d:\myproject\mypresentation\makefile\analyze\release\missionlistwidget.obj
d:\myproject\mypresentation\makefile\analyze\release\missionitem.obj
d:\myproject\mypresentation\makefile\analyze\release\main.obj
d:\myproject\mypresentation\makefile\analyze\release\qrc_analyze.obj
d:\myproject\mypresentation\makefile\analyze\generatedfiles\moc_analyze.cpp
d:\myproject\mypresentation\makefile\analyze\generatedfiles\ui_analyze.h
d:\myproject\mypresentation\makefile\analyze\generatedfiles\moc_warningwidget.cpp
d:\myproject\mypresentation\makefile\analyze\generatedfiles\moc_videoplay.cpp
d:\myproject\mypresentation\makefile\analyze\generatedfiles\moc_selectdatedialog.cpp
d:\myproject\mypresentation\makefile\analyze\generatedfiles\moc_qcustomplot.cpp
d:\myproject\mypresentation\makefile\analyze\generatedfiles\moc_mycustomplot.cpp
d:\myproject\mypresentation\makefile\analyze\generatedfiles\moc_missionlistwidget.cpp
d:\myproject\mypresentation\makefile\analyze\generatedfiles\moc_missionitem.cpp
d:\myproject\mypresentation\makefile\analyze\generatedfiles\moc_login.cpp
d:\myproject\mypresentation\makefile\analyze\generatedfiles\moc_graphlistwidget.cpp
d:\myproject\mypresentation\makefile\analyze\generatedfiles\moc_datalistwidget.cpp
d:\myproject\mypresentation\makefile\analyze\generatedfiles\moc_cameralistwidget.cpp
d:\myproject\mypresentation\makefile\analyze\generatedfiles\qrc_analyze.cpp
d:\myproject\mypresentation\makefile\analyze\generatedfiles\ui_graphlistwidget.h
d:\myproject\mypresentation\makefile\analyze\generatedfiles\ui_login.h
d:\myproject\mypresentation\makefile\analyze\generatedfiles\ui_missionitem.h
d:\myproject\mypresentation\makefile\analyze\generatedfiles\ui_missionlistwidget.h
d:\myproject\mypresentation\makefile\analyze\generatedfiles\ui_selectdatedialog.h
d:\myproject\mypresentation\makefile\analyze\generatedfiles\ui_videoplay.h
d:\myproject\mypresentation\makefile\analyze\generatedfiles\ui_warningwidget.h
d:\myinstall\imos_netsdk_win_v2.02(20170103)\imos_sdk_win\redist\analyze.exe
d:\myproject\mypresentation\makefile\analyze\..\..\..\..\myinstall\imos_netsdk_win_v2.02(20170103)\imos_sdk_win\redist\analyze.exe
d:\myproject\mypresentation\makefile\analyze\release\analyze.tlog\cl.command.1.tlog
d:\myproject\mypresentation\makefile\analyze\release\analyze.tlog\cl.read.1.tlog
d:\myproject\mypresentation\makefile\analyze\release\analyze.tlog\cl.write.1.tlog
d:\myproject\mypresentation\makefile\analyze\release\analyze.tlog\custombuild.command.1.tlog
d:\myproject\mypresentation\makefile\analyze\release\analyze.tlog\custombuild.read.1.tlog
d:\myproject\mypresentation\makefile\analyze\release\analyze.tlog\custombuild.write.1.tlog
d:\myproject\mypresentation\makefile\analyze\release\analyze.tlog\link.command.1.tlog
d:\myproject\mypresentation\makefile\analyze\release\analyze.tlog\link.read.1.tlog
d:\myproject\mypresentation\makefile\analyze\release\analyze.tlog\link.write.1.tlog
