17-05-09 11:07:24 [未知][1796]用户[][操作[IMOS_StopPlayer]]
17-05-09 11:07:29 [未知][1796]用户[][操作[IMOS_StopPlayer]]
17-05-21 17:29:31 [未知][1884]用户[loadmin][操作[IMOS_GetMicVolume]]
17-05-21 17:34:50 [未知][1867]用户[loadmin][操作[IMOS_GetPlayedTime]]
17-05-21 18:40:56 [失败][1866]用户[loadmin][操作[IMOS_SetPlayedTime]]
17-05-22 09:25:48 [未知][1884]用户[loadmin][操作[IMOS_GetMicVolume]]
17-05-22 09:29:52 [未知][1]用户[loadmin][操作[窗口正在播放]]
17-05-22 09:31:26 [失败][1]用户[loadmin][操作[窗口正在播放]]
17-05-22 09:31:30 [失败][1]用户[loadmin][操作[StartVOD]]
17-05-22 09:31:37 [未知][1867]用户[loadmin][操作[IMOS_GetPlayedTime]]
17-05-22 09:31:37 [未知][1867]用户[loadmin][操作[IMOS_GetPlayedTime]]
17-05-22 09:33:17 [未知][1]用户[loadmin][操作[窗口正在播放]]
17-05-22 09:34:08 [未知][1]用户[loadmin][操作[窗口正在播放]]
17-05-23 08:30:03 [未知][1884]用户[loadmin][操作[IMOS_GetMicVolume]]
17-05-23 08:30:38 [未知][1]用户[loadmin][操作[窗口正在播放]]
17-05-23 08:30:41 [未知][1]用户[loadmin][操作[窗口正在播放]]
17-05-23 08:30:45 [未知][1]用户[loadmin][操作[窗口正在播放]]
17-05-23 08:30:48 [未知][1]用户[loadmin][操作[窗口正在播放]]
17-05-23 08:31:47 [失败][1]用户[loadmin][操作[窗口正在播放]]
17-05-23 08:31:48 [失败][1]用户[loadmin][操作[StartVOD]]
17-05-23 08:31:51 [未知][1867]用户[loadmin][操作[IMOS_GetPlayedTime]]
17-05-23 09:27:07 [未知][1]用户[loadmin][操作[窗口正在播放]]
17-05-23 09:27:16 [未知][1]用户[loadmin][操作[窗口正在播放]]
